{"name": "test_add_product_to_cart", "status": "failed", "statusDetails": {"message": "AssertionError: Locator expected to be visible\nActual value: None\nError: element(s) not found \nCall log:\n  - Expect \"to_be_visible\" with timeout 3000ms\n  - waiting for locator(\".alert.alert-success.alert-dismissible\")", "trace": "page = <Page url='https://tutorialsninja.com/demo/index.php?route=product/product&product_id=43&search=MacBook'>\n\n    @pytest.mark.regression\n    def test_add_product_to_cart(page):\n       \"\"\"\n       Automated Test Case: Verify user can search and add a product to the cart.\n       \"\"\"\n    \n       # --- Test Data ---\n       product_name = Config.product_name      # Get product name from configuration file\n       quantity = Config.product_quantity      # Get product quantity from configuration file\n    \n        # --- Page Object Initialization ---\n       home_page = HomePage(page)\n       search_results_page = SearchResultsPage(page)\n    \n        # --- Step 1: Search for a Product ---\n       home_page.enter_product_name(product_name)\n       home_page.click_search()\n    \n        # --- Step 2: Select the Product from Search Results ---\n       product_page = search_results_page.select_product(product_name)\n    \n        # --- Step 3: Set Quantity and Add to Cart ---\n       product_page.set_quantity(quantity)\n       product_page.add_to_cart()\n    \n        # --- Step 4: Verify Confirmation Message ---\n        # Ensure the success message appears within 3 seconds after adding the product\n>      expect(product_page.get_confirmation_message()).to_be_visible(timeout=3000)\nE      AssertionError: Locator expected to be visible\nE      Actual value: None\nE      Error: element(s) not found \nE      Call log:\nE        - Expect \"to_be_visible\" with timeout 3000ms\nE        - waiting for locator(\".alert.alert-success.alert-dismissible\")\n\ntests\\test_add_product_to_cart.py:58: AssertionError"}, "description": "\nAutomated Test Case: Verify user can search and add a product to the cart.\n", "attachments": [{"name": "stdout", "source": "a7d426b8-ca2e-478a-b3cf-276beaa886b9-attachment.txt", "type": "text/plain"}], "start": 1767695520198, "stop": 1767695524290, "uuid": "2b9d43fe-135e-4bc0-bedb-2cf41ae36956", "historyId": "12ebacc250d08a23e328d74545d938ee", "testCaseId": "12ebacc250d08a23e328d74545d938ee", "fullName": "tests.test_add_product_to_cart#test_add_product_to_cart", "labels": [{"name": "tag", "value": "regression"}, {"name": "parentSuite", "value": "tests"}, {"name": "suite", "value": "test_add_product_to_cart"}, {"name": "host", "value": "USHYDGUDINESH32"}, {"name": "thread", "value": "31868-MainThread"}, {"name": "framework", "value": "pytest"}, {"name": "language", "value": "cpython3"}, {"name": "package", "value": "tests.test_add_product_to_cart"}], "titlePath": ["tests", "test_add_product_to_cart.py"]}