{"id":"fab34ebdd8bddd9cc846188c54f199e3","name":"test_end_to_end_flow","start":1767538371050,"stop":1767538379000,"duration":7950,"status":"failed","fullName":"tests.test_end_to_end#test_end_to_end_flow","historyId":"fc7cf75961ad211c21b8b9787a8ba1fe.d41d8cd98f00b204e9800998ecf8427e","flaky":false,"muted":false,"known":false,"hidden":false,"labels":[{"name":"tag","value":"end_to_end"},{"name":"parentSuite","value":"tests"},{"name":"suite","value":"test_end_to_end"},{"name":"host","value":"USHYDGUDINESH32"},{"name":"thread","value":"32220-MainThread"},{"name":"framework","value":"pytest"},{"name":"language","value":"cpython3"},{"name":"package","value":"tests.test_end_to_end"}],"groupedLabels":{"tag":["end_to_end"],"parentSuite":["tests"],"suite":["test_end_to_end"],"host":["USHYDGUDINESH32"],"thread":["32220-MainThread"],"framework":["pytest"],"language":["cpython3"],"package":["tests.test_end_to_end"]},"parameters":[],"links":[],"steps":[{"link":{"id":"978ba227f824db93de85069184106c1f","originalFileName":"ab5609d8-0ae4-4e6f-89eb-8006a2eca983-attachment.txt","ext":".txt","name":"stdout","contentType":"text/plain","used":true,"missed":false,"contentLength":621},"type":"attachment"}],"error":{"message":"AssertionError: Locator expected to be visible\nActual value: None\nError: element(s) not found \nCall log:\n  - Expect \"to_be_visible\" with timeout 3000ms\n  - waiting for locator(\".alert.alert-success.alert-dismissible\")","trace":"page = <Page url='https://tutorialsninja.com/demo/index.php?route=product/product&product_id=43&search=MacBook'>\n\n    @pytest.mark.end_to_end\n    def test_end_to_end_flow(page):\n        \"\"\"\n        End-to-End Test Flow:\n        1. Register a new user.\n        2. Logout.\n        3. Login with the registered credentials.\n        4. Search and add a product to cart.\n        5. Verify cart contents.\n        \"\"\"\n    \n        # Step 1: Register a new account and capture the generated email\n        registered_email,registered_password = perform_registration(page)\n        print(\"Registration completed successfully!\")\n    \n        # Step 2: Logout after registration\n        perform_logout(page)\n        print(\"Logout completed successfully!\")\n    \n        # Step 3: Login with registered email\n        perform_login(page, registered_email,registered_password)\n        print(\"Login completed successfully!\")\n    \n        # Step 4: Search product and add to cart\n>       add_product_to_cart(page)\n\ntests\\test_end_to_end.py:39: \n_ _ _ _ _ _ _ _ _ _ _ _ _ _ _ _ _ _ _ _ _ _ _ _ _ _ _ _ _ _ _ _ _ _ _ _ _ _ _ _ _ _ _ _ _ _ _ _ _ _ _ _ _ _ _ _ _ _ _ _ _ \n\npage = <Page url='https://tutorialsninja.com/demo/index.php?route=product/product&product_id=43&search=MacBook'>\n\n    def add_product_to_cart(page):\n    \n        #search results + add produc to cart\n    \n    \n        # Get product name from configuration\n        product_name = Config.product_name\n        quantity = Config.product_quantity\n    \n        # Create Page Object instances\n        home_page = HomePage(page)\n        search_results_page=SearchResultsPage(page)\n    \n        #  Enter product name and click Search\n        home_page.enter_product_name(product_name)\n        home_page.click_search()\n    \n        # Verify that the search results page is displayed\n        expect(search_results_page.get_search_results_page_header()).to_be_visible(timeout=3000)\n    \n        # Validate if the searched product appears in results\n        expect(search_results_page.is_product_exist(product_name)).to_be_visible(timeout=3000)\n    \n    \n        product_page = search_results_page.select_product(product_name)\n        product_page.set_quantity(quantity)\n        product_page.add_to_cart()\n    \n        # Verify success message appears\n>       expect(product_page.get_confirmation_message()).to_be_visible(timeout=3000)\nE       AssertionError: Locator expected to be visible\nE       Actual value: None\nE       Error: element(s) not found \nE       Call log:\nE         - Expect \"to_be_visible\" with timeout 3000ms\nE         - waiting for locator(\".alert.alert-success.alert-dismissible\")\n\ntests\\test_end_to_end.py:145: AssertionError"},"testCase":{"id":"fc7cf75961ad211c21b8b9787a8ba1fe","name":"test_end_to_end_flow","fullName":"tests.test_end_to_end#test_end_to_end_flow"},"environment":"default","setup":[{"id":"a2bf71c5b8a4de1e03f0332496c91df5","type":"before","name":"browser_context","status":"passed","steps":[],"duration":9936},{"id":"9045c512ba727bd2423bbcecf745bf7b","type":"before","name":"_session_faker","status":"passed","steps":[],"duration":166},{"id":"143035c6b8e7b6dc22d303e3940bd03a","type":"before","name":"page","status":"passed","steps":[],"duration":9616}],"teardown":[{"id":"f2c3072b4bc8fd860c877ad3c6f9ad32","type":"after","name":"browser_context::0","status":"passed","steps":[],"duration":242},{"id":"2fbd7b0b3bfd1e3c2b06ece5f37fb082","type":"after","name":"page::0","status":"passed","steps":[{"link":{"used":true,"missed":false,"id":"b910d66810a3ef33611618f5aac888ab","originalFileName":"6fa7f299-b0de-4ea3-a942-4072479b7f73-attachment.png","ext":".png","contentType":"image/png","contentLength":93015,"name":"test_end_to_end_flow_screenshot"},"type":"attachment"},{"link":{"used":true,"missed":false,"id":"4e6a5aa48e3dd832066e32ba732c2213","originalFileName":"7ea60264-3e1e-4f5a-b37d-108206b74b98-attachment.webm","ext":".webm","contentType":"video/webm","contentLength":262144,"name":"test_end_to_end_flow_video"},"type":"attachment"}],"duration":442}],"history":[],"retries":[],"breadcrumbs":[["tests","test_end_to_end"]],"retry":false,"titlePath":["tests","test_end_to_end.py"],"retriesCount":0,"attachments":[{"link":{"id":"978ba227f824db93de85069184106c1f","originalFileName":"ab5609d8-0ae4-4e6f-89eb-8006a2eca983-attachment.txt","ext":".txt","name":"stdout","contentType":"text/plain","used":true,"missed":false,"contentLength":621},"type":"attachment"}],"order":1}